
                        -------------

__/\\\\\\\\\\\\\____/\\\\____________/\\\\____/\\\\\\\\\_____
 _\/\\\/////////\\\_\/\\\\\\________/\\\\\\__/\\\///////\\\___
  _\/\\\_______\/\\\_\/\\\//\\\____/\\\//\\\_\///______\//\\\__
   _\/\\\\\\\\\\\\\/__\/\\\\///\\\/\\\/_\/\\\___________/\\\/___
    _\/\\\/////////____\/\\\__\///\\\/___\/\\\________/\\\//_____
     _\/\\\_____________\/\\\____\///_____\/\\\_____/\\\//________
      _\/\\\_____________\/\\\_____________\/\\\___/\\\/___________
       _\/\\\_____________\/\\\_____________\/\\\__/\\\\\\\\\\\\\\\_
        _\///______________\///______________\///__\///////////////__


                          Runtime Edition

        PM2 is a Production Process Manager for Node.js applications
                     with a built-in Load Balancer.

                Start and Daemonize any application:
                $ pm2 start app.js

                Load Balance 4 instances of api.js:
                $ pm2 start api.js -i 4

                Monitor in production:
                $ pm2 monitor

                Make pm2 auto-boot at server restart:
                $ pm2 startup

                To go further checkout:
                http://pm2.io/


                        -------------

[PM2] Spawning PM2 daemon with pm2_home=/root/.pm2
[PM2] PM2 Successfully daemonized
[PM2][WARN] Applications node-app not running, starting...
[PM2] App [node-app] launched (1 instances)
┌─────┬─────────────┬─────────────┬─────────┬─────────┬──────────┬────────┬──────┬───────────┬──────────┬──────────┬──────────┬──────────┐
│ id  │ name        │ namespace   │ version │ mode    │ pid      │ uptime │ ↺    │ status    │ cpu      │ mem      │ user     │ watching │
├─────┼─────────────┼─────────────┼─────────┼─────────┼──────────┼────────┼──────┼───────────┼──────────┼──────────┼──────────┼──────────┤
│ 0   │ node-app    │ default     │ 0.1.1   │ fork    │ 30       │ 0s     │ 0    │ online    │ 0%       │ 23.2mb   │ root     │ disabled │
└─────┴─────────────┴─────────────┴─────────┴─────────┴──────────┴────────┴──────┴───────────┴──────────┴──────────┴──────────┴──────────┘
INFO [07-04|18:28:01.670] Maximum peer count                       ETH=50 LES=0 total=50
INFO [07-04|18:28:01.683] Smartcard socket not found, disabling    err="stat /run/pcscd/pcscd.comm: no such file or directory"
ERROR[07-04|18:28:01.696] Failed to enumerate USB devices          hub=ledger vendor=11415 failcount=1 err="failed to initialize libusb: libusb: unknown error [code -99]"
ERROR[07-04|18:28:01.696] Failed to enumerate USB devices          hub=trezor vendor=21324 failcount=1 err="failed to initialize libusb: libusb: unknown error [code -99]"
ERROR[07-04|18:28:01.696] Failed to enumerate USB devices          hub=trezor vendor=4617  failcount=1 err="failed to initialize libusb: libusb: unknown error [code -99]"
ERROR[07-04|18:28:01.696] Failed to enumerate USB devices          hub=ledger vendor=11415 failcount=2 err="failed to initialize libusb: libusb: unknown error [code -99]"
ERROR[07-04|18:28:01.696] Failed to enumerate USB devices          hub=trezor vendor=21324 failcount=2 err="failed to initialize libusb: libusb: unknown error [code -99]"
ERROR[07-04|18:28:01.696] Failed to enumerate USB devices          hub=trezor vendor=4617  failcount=2 err="failed to initialize libusb: libusb: unknown error [code -99]"
INFO [07-04|18:28:01.696] Allocated cache and file handles         database=/root/.ethereum/devchain/geth/chaindata cache=16.00MiB handles=16
INFO [07-04|18:28:01.704] Writing custom genesis block 
INFO [07-04|18:28:01.705] Persisted trie from memory database      nodes=42 size=6.45KiB time="549.972µs" gcnodes=0 gcsize=0.00B gctime=0s livenodes=1 livesize=0.00B
INFO [07-04|18:28:01.705] Successfully wrote genesis state         database=chaindata                               hash="aca18f…3c5f28"
INFO [07-04|18:28:01.705] Allocated cache and file handles         database=/root/.ethereum/devchain/geth/lightchaindata cache=16.00MiB handles=16
INFO [07-04|18:28:01.709] Writing custom genesis block 
INFO [07-04|18:28:01.710] Persisted trie from memory database      nodes=42 size=6.45KiB time="159.832µs" gcnodes=0 gcsize=0.00B gctime=0s livenodes=1 livesize=0.00B
INFO [07-04|18:28:01.710] Successfully wrote genesis state         database=lightchaindata                          hash="aca18f…3c5f28"
INFO [07-04|18:28:05.455] Maximum peer count                       ETH=50 LES=0 total=50
WARN [07-04|18:28:05.456] The flag --rpc is deprecated and will be removed in the future, please use --http 
WARN [07-04|18:28:05.457] The flag --rpccorsdomain is deprecated and will be removed in the future, please use --http.corsdomain 
INFO [07-04|18:28:05.457] Smartcard socket not found, disabling    err="stat /run/pcscd/pcscd.comm: no such file or directory"
ERROR[07-04|18:28:05.492] Failed to enumerate USB devices          hub=ledger vendor=11415 failcount=1 err="failed to initialize libusb: libusb: unknown error [code -99]"
ERROR[07-04|18:28:05.493] Failed to enumerate USB devices          hub=trezor vendor=21324 failcount=1 err="failed to initialize libusb: libusb: unknown error [code -99]"
ERROR[07-04|18:28:05.493] Failed to enumerate USB devices          hub=trezor vendor=4617  failcount=1 err="failed to initialize libusb: libusb: unknown error [code -99]"
ERROR[07-04|18:28:05.493] Failed to enumerate USB devices          hub=ledger vendor=11415 failcount=2 err="failed to initialize libusb: libusb: unknown error [code -99]"
ERROR[07-04|18:28:05.493] Failed to enumerate USB devices          hub=trezor vendor=21324 failcount=2 err="failed to initialize libusb: libusb: unknown error [code -99]"
ERROR[07-04|18:28:05.493] Failed to enumerate USB devices          hub=trezor vendor=4617  failcount=2 err="failed to initialize libusb: libusb: unknown error [code -99]"
WARN [07-04|18:28:05.493] The flag --gasprice is deprecated and will be removed in the future, please use --miner.gasprice 
INFO [07-04|18:28:05.494] Starting peer-to-peer node               instance=Geth/v1.9.16-unstable-dce533c2-20200623/linux-amd64/go1.14.4
INFO [07-04|18:28:05.495] Allocated trie memory caches             clean=256.00MiB dirty=256.00MiB
INFO [07-04|18:28:05.495] Allocated cache and file handles         database=/root/.ethereum/devchain/geth/chaindata cache=512.00MiB handles=524288
INFO [07-04|18:28:05.742] Opened ancient database                  database=/root/.ethereum/devchain/geth/chaindata/ancient
INFO [07-04|18:28:05.742] Initialised chain configuration          config="{ChainID: 456719 Homestead: 0 DAO: <nil> DAOSupport: false EIP150: 0 EIP155: 0 EIP158: 0 Byzantium: <nil> Constantinople: <nil> Petersburg: <nil> Istanbul: <nil>, Muir Glacier: <nil>, YOLO v1: <nil>, Engine: unknown}"
INFO [07-04|18:28:05.748] Disk storage enabled for ethash caches   dir=/root/.ethereum/devchain/geth/ethash count=3
INFO [07-04|18:28:05.748] Disk storage enabled for ethash DAGs     dir=/root/.ethash                        count=2
INFO [07-04|18:28:05.748] Initialising Ethereum protocol           versions="[65 64 63]" network=456719 dbversion=<nil>
WARN [07-04|18:28:05.748] Upgrade blockchain database version      from=<nil> to=7
INFO [07-04|18:28:05.749] Loaded most recent local header          number=0 hash="aca18f…3c5f28" td=1024 age=51y2mo4w
INFO [07-04|18:28:05.749] Loaded most recent local full block      number=0 hash="aca18f…3c5f28" td=1024 age=51y2mo4w
INFO [07-04|18:28:05.749] Loaded most recent local fast block      number=0 hash="aca18f…3c5f28" td=1024 age=51y2mo4w
INFO [07-04|18:28:05.749] Regenerated local transaction journal    transactions=0 accounts=0
INFO [07-04|18:28:05.787] Allocated fast sync bloom                size=512.00MiB
INFO [07-04|18:28:05.874] New local node record                    seq=1 id=1e173e38f30b2ec9 ip=127.0.0.1 udp=30303 tcp=30303
INFO [07-04|18:28:05.876] IPC endpoint opened                      url=/root/.ethereum/devchain/geth.ipc
INFO [07-04|18:28:05.876] HTTP endpoint opened                     url=http://127.0.0.1:8545/            cors=* vhosts=localhost
INFO [07-04|18:28:05.917] Started P2P networking                   self=enode://32004830ac8e036b3e6d1cd7537637eb0a97d671e404e9d5d83d5bf7cd09b715a2b457b24c885b5e1cf32bf6a2aac92d034bf5d480853e0c3f91cc0664a3d513@127.0.0.1:30303
ERROR[07-04|18:28:06.516] Failed to enumerate USB devices          hub=trezor vendor=4617  failcount=3 err="failed to initialize libusb: libusb: unknown error [code -99]"
ERROR[07-04|18:28:06.517] Failed to enumerate USB devices          hub=trezor vendor=21324 failcount=3 err="failed to initialize libusb: libusb: unknown error [code -99]"
ERROR[07-04|18:28:06.517] Failed to enumerate USB devices          hub=ledger vendor=11415 failcount=3 err="failed to initialize libusb: libusb: unknown error [code -99]"
INFO [07-04|18:28:06.855] Initialized fast sync bloom              items=42 errorrate=0.000 elapsed=1.067s
INFO [07-04|18:28:10.353] Unlocked account                         address=0x007CcfFb7916F37F7AEEf05E8096ecFbe55AFc2f
INFO [07-04|18:28:10.988] Etherbase automatically configured       address=0x007CcfFb7916F37F7AEEf05E8096ecFbe55AFc2f
INFO [07-04|18:28:17.015] Looking for peers                        peercount=1 tried=1 static=0
INFO [07-04|18:28:40.917] Looking for peers                        peercount=1 tried=0 static=0
INFO [07-04|18:31:56.142] Updated mining threads                   threads=2
INFO [07-04|18:31:56.142] Transaction pool price threshold updated price=20
INFO [07-04|18:31:56.143] Commit new mining work                   number=1 sealhash="080468…ba3ad3" uncles=0 txs=0 gas=0 fees=0 elapsed="150.121µs"
INFO [07-04|18:32:03.687] Generating DAG in progress               epoch=0 percentage=0 elapsed=6.546s
INFO [07-04|18:32:10.234] Generating DAG in progress               epoch=0 percentage=1 elapsed=13.093s
INFO [07-04|18:32:17.748] Generating DAG in progress               epoch=0 percentage=2 elapsed=20.607s
INFO [07-04|18:32:26.659] Generating DAG in progress               epoch=0 percentage=3 elapsed=29.519s
INFO [07-04|18:32:40.605] Generating DAG in progress               epoch=0 percentage=4 elapsed=43.464s
INFO [07-04|18:32:54.521] Generating DAG in progress               epoch=0 percentage=5 elapsed=57.381s
INFO [07-04|18:33:05.406] Generating DAG in progress               epoch=0 percentage=6 elapsed=1m8.265s
INFO [07-04|18:33:16.318] Generating DAG in progress               epoch=0 percentage=7 elapsed=1m19.177s
INFO [07-04|18:33:26.479] Generating DAG in progress               epoch=0 percentage=8 elapsed=1m29.338s
INFO [07-04|18:33:36.982] Generating DAG in progress               epoch=0 percentage=9 elapsed=1m39.841s
INFO [07-04|18:33:47.430] Generating DAG in progress               epoch=0 percentage=10 elapsed=1m50.289s
INFO [07-04|18:33:58.616] Generating DAG in progress               epoch=0 percentage=11 elapsed=2m1.475s
INFO [07-04|18:34:08.955] Generating DAG in progress               epoch=0 percentage=12 elapsed=2m11.814s
INFO [07-04|18:34:20.312] Generating DAG in progress               epoch=0 percentage=13 elapsed=2m23.171s
INFO [07-04|18:34:30.655] Generating DAG in progress               epoch=0 percentage=14 elapsed=2m33.514s
INFO [07-04|18:34:40.628] Generating DAG in progress               epoch=0 percentage=15 elapsed=2m43.487s
INFO [07-04|18:34:49.765] Generating DAG in progress               epoch=0 percentage=16 elapsed=2m52.624s
INFO [07-04|18:34:59.501] Generating DAG in progress               epoch=0 percentage=17 elapsed=3m2.360s
INFO [07-04|18:35:09.417] Generating DAG in progress               epoch=0 percentage=18 elapsed=3m12.276s
INFO [07-04|18:35:19.412] Generating DAG in progress               epoch=0 percentage=19 elapsed=3m22.271s
INFO [07-04|18:35:29.583] Generating DAG in progress               epoch=0 percentage=20 elapsed=3m32.443s
INFO [07-04|18:35:39.615] Generating DAG in progress               epoch=0 percentage=21 elapsed=3m42.474s
INFO [07-04|18:35:49.923] Generating DAG in progress               epoch=0 percentage=22 elapsed=3m52.783s
INFO [07-04|18:36:00.527] Generating DAG in progress               epoch=0 percentage=23 elapsed=4m3.386s
INFO [07-04|18:36:10.755] Generating DAG in progress               epoch=0 percentage=24 elapsed=4m13.614s
INFO [07-04|18:36:20.795] Generating DAG in progress               epoch=0 percentage=25 elapsed=4m23.654s
INFO [07-04|18:36:30.732] Generating DAG in progress               epoch=0 percentage=26 elapsed=4m33.591s
INFO [07-04|18:36:41.590] Generating DAG in progress               epoch=0 percentage=27 elapsed=4m44.449s
INFO [07-04|18:36:52.324] Generating DAG in progress               epoch=0 percentage=28 elapsed=4m55.183s
INFO [07-04|18:37:02.171] Generating DAG in progress               epoch=0 percentage=29 elapsed=5m5.030s
INFO [07-04|18:37:12.107] Generating DAG in progress               epoch=0 percentage=30 elapsed=5m14.966s
INFO [07-04|18:37:22.192] Generating DAG in progress               epoch=0 percentage=31 elapsed=5m25.051s
INFO [07-04|18:37:31.849] Generating DAG in progress               epoch=0 percentage=32 elapsed=5m34.708s
INFO [07-04|18:37:41.836] Generating DAG in progress               epoch=0 percentage=33 elapsed=5m44.695s
INFO [07-04|18:37:51.784] Generating DAG in progress               epoch=0 percentage=34 elapsed=5m54.643s
INFO [07-04|18:38:02.654] Generating DAG in progress               epoch=0 percentage=35 elapsed=6m5.513s
INFO [07-04|18:38:12.828] Generating DAG in progress               epoch=0 percentage=36 elapsed=6m15.687s
INFO [07-04|18:38:23.351] Generating DAG in progress               epoch=0 percentage=37 elapsed=6m26.210s
INFO [07-04|18:38:34.104] Generating DAG in progress               epoch=0 percentage=38 elapsed=6m36.963s
INFO [07-04|18:38:44.928] Generating DAG in progress               epoch=0 percentage=39 elapsed=6m47.787s
INFO [07-04|18:38:55.209] Generating DAG in progress               epoch=0 percentage=40 elapsed=6m58.068s
INFO [07-04|18:39:09.709] Generating DAG in progress               epoch=0 percentage=41 elapsed=7m12.568s
INFO [07-04|18:39:20.879] Generating DAG in progress               epoch=0 percentage=42 elapsed=7m23.738s
INFO [07-04|18:39:31.300] Generating DAG in progress               epoch=0 percentage=43 elapsed=7m34.160s
INFO [07-04|18:39:42.024] Generating DAG in progress               epoch=0 percentage=44 elapsed=7m44.884s
INFO [07-04|18:39:53.162] Generating DAG in progress               epoch=0 percentage=45 elapsed=7m56.021s
INFO [07-04|18:40:04.170] Generating DAG in progress               epoch=0 percentage=46 elapsed=8m7.029s
INFO [07-04|18:40:14.484] Generating DAG in progress               epoch=0 percentage=47 elapsed=8m17.343s
INFO [07-04|18:40:25.163] Generating DAG in progress               epoch=0 percentage=48 elapsed=8m28.023s
INFO [07-04|18:40:35.482] Generating DAG in progress               epoch=0 percentage=49 elapsed=8m38.341s
INFO [07-04|18:40:45.595] Generating DAG in progress               epoch=0 percentage=50 elapsed=8m48.454s
INFO [07-04|18:40:55.909] Generating DAG in progress               epoch=0 percentage=51 elapsed=8m58.768s
INFO [07-04|18:41:06.767] Generating DAG in progress               epoch=0 percentage=52 elapsed=9m9.626s
INFO [07-04|18:41:17.668] Generating DAG in progress               epoch=0 percentage=53 elapsed=9m20.527s
INFO [07-04|18:41:28.316] Generating DAG in progress               epoch=0 percentage=54 elapsed=9m31.175s
INFO [07-04|18:41:38.149] Generating DAG in progress               epoch=0 percentage=55 elapsed=9m41.009s
INFO [07-04|18:41:48.312] Generating DAG in progress               epoch=0 percentage=56 elapsed=9m51.171s
INFO [07-04|18:41:59.864] Generating DAG in progress               epoch=0 percentage=57 elapsed=10m2.723s
INFO [07-04|18:42:10.343] Generating DAG in progress               epoch=0 percentage=58 elapsed=10m13.202s
INFO [07-04|18:42:20.605] Generating DAG in progress               epoch=0 percentage=59 elapsed=10m23.464s
INFO [07-04|18:42:30.525] Generating DAG in progress               epoch=0 percentage=60 elapsed=10m33.384s
INFO [07-04|18:42:41.231] Generating DAG in progress               epoch=0 percentage=61 elapsed=10m44.090s
INFO [07-04|18:42:51.660] Generating DAG in progress               epoch=0 percentage=62 elapsed=10m54.519s
INFO [07-04|18:43:01.911] Generating DAG in progress               epoch=0 percentage=63 elapsed=11m4.770s
INFO [07-04|18:43:13.923] Generating DAG in progress               epoch=0 percentage=64 elapsed=11m16.782s
INFO [07-04|18:43:27.320] Generating DAG in progress               epoch=0 percentage=65 elapsed=11m30.179s
INFO [07-04|18:43:37.568] Generating DAG in progress               epoch=0 percentage=66 elapsed=11m40.427s
INFO [07-04|18:43:47.759] Generating DAG in progress               epoch=0 percentage=67 elapsed=11m50.618s
INFO [07-04|18:43:57.908] Generating DAG in progress               epoch=0 percentage=68 elapsed=12m0.767s
INFO [07-04|18:44:08.333] Generating DAG in progress               epoch=0 percentage=69 elapsed=12m11.192s
INFO [07-04|18:44:18.645] Generating DAG in progress               epoch=0 percentage=70 elapsed=12m21.505s
INFO [07-04|18:44:29.033] Generating DAG in progress               epoch=0 percentage=71 elapsed=12m31.892s
INFO [07-04|18:44:40.104] Generating DAG in progress               epoch=0 percentage=72 elapsed=12m42.963s
INFO [07-04|18:44:50.651] Generating DAG in progress               epoch=0 percentage=73 elapsed=12m53.510s
INFO [07-04|18:45:01.160] Generating DAG in progress               epoch=0 percentage=74 elapsed=13m4.019s
INFO [07-04|18:45:11.882] Generating DAG in progress               epoch=0 percentage=75 elapsed=13m14.742s
INFO [07-04|18:45:22.294] Generating DAG in progress               epoch=0 percentage=76 elapsed=13m25.153s
INFO [07-04|18:45:32.617] Generating DAG in progress               epoch=0 percentage=77 elapsed=13m35.476s
INFO [07-04|18:45:42.741] Generating DAG in progress               epoch=0 percentage=78 elapsed=13m45.600s
INFO [07-04|18:45:52.778] Generating DAG in progress               epoch=0 percentage=79 elapsed=13m55.637s
INFO [07-04|18:46:04.098] Generating DAG in progress               epoch=0 percentage=80 elapsed=14m6.957s
INFO [07-04|18:46:14.194] Generating DAG in progress               epoch=0 percentage=81 elapsed=14m17.053s
INFO [07-04|18:46:24.497] Generating DAG in progress               epoch=0 percentage=82 elapsed=14m27.356s
INFO [07-04|18:46:35.778] Generating DAG in progress               epoch=0 percentage=83 elapsed=14m38.637s
INFO [07-04|18:46:49.495] Generating DAG in progress               epoch=0 percentage=84 elapsed=14m52.354s
INFO [07-04|18:46:59.964] Generating DAG in progress               epoch=0 percentage=85 elapsed=15m2.823s
INFO [07-04|18:47:10.196] Generating DAG in progress               epoch=0 percentage=86 elapsed=15m13.055s
INFO [07-04|18:47:20.094] Generating DAG in progress               epoch=0 percentage=87 elapsed=15m22.953s
INFO [07-04|18:47:32.446] Generating DAG in progress               epoch=0 percentage=88 elapsed=15m35.306s
INFO [07-04|18:47:43.186] Generating DAG in progress               epoch=0 percentage=89 elapsed=15m46.045s
INFO [07-04|18:47:53.588] Generating DAG in progress               epoch=0 percentage=90 elapsed=15m56.447s
INFO [07-04|18:48:08.464] Generating DAG in progress               epoch=0 percentage=91 elapsed=16m11.324s
INFO [07-04|18:48:18.895] Generating DAG in progress               epoch=0 percentage=92 elapsed=16m21.754s
INFO [07-04|18:48:29.444] Generating DAG in progress               epoch=0 percentage=93 elapsed=16m32.304s
INFO [07-04|18:48:33.865] Generating ethash verification cache     epoch=0 percentage=36 elapsed=3.039s
INFO [07-04|18:48:36.878] Generating ethash verification cache     epoch=0 percentage=82 elapsed=6.053s
INFO [07-04|18:48:37.830] Generated ethash verification cache      epoch=0 elapsed=7.005s
WARN [07-04|18:48:37.911] Fast syncing, discarded propagated block number=1 hash="6a7c1b…de93e5"
INFO [07-04|18:48:40.911] Generating ethash verification cache     epoch=1 percentage=52 elapsed=3.046s
INFO [07-04|18:48:43.275] Generated ethash verification cache      epoch=1 elapsed=5.410s
INFO [07-04|18:48:45.356] Generating DAG in progress               epoch=0 percentage=94 elapsed=16m48.215s
INFO [07-04|18:48:46.778] Commit new mining work                   number=1 sealhash="bac82e…b7446b" uncles=0 txs=7 gas=147000 fees=2.94e-12 elapsed="576.333µs"
INFO [07-04|18:48:49.796] Commit new mining work                   number=1 sealhash="a58e73…12cc73" uncles=0 txs=20 gas=420000 fees=8.4e-12  elapsed="984.496µs"
INFO [07-04|18:48:55.858] Commit new mining work                   number=1 sealhash="be2140…7d4808" uncles=0 txs=25 gas=525000 fees=1.05e-11 elapsed=1.240ms
INFO [07-04|18:48:58.888] Commit new mining work                   number=1 sealhash="6c91df…767b29" uncles=0 txs=30 gas=630000 fees=1.26e-11 elapsed=1.373ms
INFO [07-04|18:49:00.963] Generating DAG in progress               epoch=0 percentage=95 elapsed=17m3.822s
INFO [07-04|18:49:01.903] Commit new mining work                   number=1 sealhash="8e487c…d52086" uncles=0 txs=31 gas=651000 fees=1.302e-11 elapsed=10.473ms
INFO [07-04|18:49:04.916] Commit new mining work                   number=1 sealhash="25f050…e19265" uncles=0 txs=40 gas=840000 fees=1.68e-11  elapsed=9.784ms
INFO [07-04|18:49:07.934] Commit new mining work                   number=1 sealhash="a8d60b…2fdd0d" uncles=0 txs=50 gas=1050000 fees=2.1e-11   elapsed=7.913ms
INFO [07-04|18:49:14.027] Commit new mining work                   number=1 sealhash="af7b98…89172d" uncles=0 txs=60 gas=1260000 fees=2.52e-11  elapsed=54.105ms
INFO [07-04|18:49:16.726] Generating DAG in progress               epoch=0 percentage=96 elapsed=17m19.582s
INFO [07-04|18:49:20.017] Commit new mining work                   number=1 sealhash="5fd76b…9a8000" uncles=0 txs=68 gas=1428000 fees=2.856e-11 elapsed=21.319ms
INFO [07-04|18:49:23.065] Commit new mining work                   number=1 sealhash="5c3f5f…998969" uncles=0 txs=80 gas=1680000 fees=3.36e-11  elapsed=66.494ms
INFO [07-04|18:49:29.120] Commit new mining work                   number=1 sealhash="975d86…adba50" uncles=0 txs=90 gas=1890000 fees=3.78e-11  elapsed=77.730ms
INFO [07-04|18:49:30.278] Generating DAG in progress               epoch=0 percentage=97 elapsed=17m33.137s
INFO [07-04|18:49:35.096] Commit new mining work                   number=1 sealhash="f0bfc7…ebe4f5" uncles=0 txs=100 gas=2100000 fees=4.2e-11   elapsed=48.812ms
INFO [07-04|18:49:38.181] Commit new mining work                   number=1 sealhash="f59c5f…80be68" uncles=0 txs=110 gas=2310000 fees=4.62e-11  elapsed=77.558ms
INFO [07-04|18:49:44.057] Generating DAG in progress               epoch=0 percentage=98 elapsed=17m46.916s
INFO [07-04|18:49:44.137] Commit new mining work                   number=1 sealhash="2b629f…483763" uncles=0 txs=120 gas=2520000 fees=5.04e-11  elapsed=22.158ms
INFO [07-04|18:49:50.230] Commit new mining work                   number=1 sealhash="6a8e7c…25853d" uncles=0 txs=130 gas=2730000 fees=5.46e-11  elapsed=72.474ms
INFO [07-04|18:49:53.297] Commit new mining work                   number=1 sealhash="6bde98…1a9a74" uncles=0 txs=140 gas=2940000 fees=5.88e-11  elapsed=130.121ms
INFO [07-04|18:49:56.741] Generating DAG in progress               epoch=0 percentage=99 elapsed=17m59.600s
INFO [07-04|18:49:56.743] Generated ethash verification cache      epoch=0 elapsed=17m59.602s
INFO [07-04|18:49:59.222] Commit new mining work                   number=1 sealhash="8d412a…d9e69d" uncles=0 txs=150 gas=3150000 fees=6.3e-11   elapsed=34.898ms
INFO [07-04|18:49:59.859] Generating ethash verification cache     epoch=1 percentage=71 elapsed=3.051s
INFO [07-04|18:50:00.868] Generated ethash verification cache      epoch=1 elapsed=4.060s
INFO [07-04|18:50:05.438] Commit new mining work                   number=1 sealhash="f5ea9a…a702a5" uncles=0 txs=152 gas=3192000 fees=6.384e-11 elapsed=236.748ms
INFO [07-04|18:50:08.337] Commit new mining work                   number=1 sealhash="33b858…31bc76" uncles=0 txs=160 gas=3360000 fees=6.72e-11  elapsed=114.121ms
INFO [07-04|18:50:11.357] Commit new mining work                   number=1 sealhash="1d53ef…544d32" uncles=0 txs=170 gas=3570000 fees=7.14e-11  elapsed=85.432ms
INFO [07-04|18:50:17.522] Commit new mining work                   number=1 sealhash="8df83f…404e9c" uncles=0 txs=180 gas=3780000 fees=7.56e-11  elapsed=220.564ms
INFO [07-04|18:50:23.548] Commit new mining work                   number=1 sealhash="c1500d…c3df08" uncles=0 txs=183 gas=3843000 fees=7.686e-11 elapsed=220.155ms
INFO [07-04|18:50:26.577] Commit new mining work                   number=1 sealhash="e4e968…2225ba" uncles=0 txs=190 gas=3990000 fees=7.98e-11  elapsed=235.535ms
INFO [07-04|18:50:29.582] Commit new mining work                   number=1 sealhash="1a62f6…9f8066" uncles=0 txs=200 gas=4200000 fees=8.4e-11   elapsed=207.148ms
INFO [07-04|18:50:30.125] Generating DAG in progress               epoch=1 percentage=0  elapsed=29.150s
INFO [07-04|18:50:35.904] Commit new mining work                   number=1 sealhash="210daf…afab6d" uncles=0 txs=210 gas=4410000 fees=8.82e-11  elapsed=428.249ms
INFO [07-04|18:50:44.824] Commit new mining work                   number=1 sealhash="825782…0ac1c2" uncles=0 txs=219 gas=4599000 fees=9.198e-11 elapsed=327.470ms
INFO [07-04|18:50:47.961] Commit new mining work                   number=1 sealhash="41a2ce…da612a" uncles=0 txs=220 gas=4620000 fees=9.24e-11  elapsed=463.507ms
INFO [07-04|18:50:48.976] Successfully sealed new block            number=1 sealhash="41a2ce…da612a" hash="58834d…7773c7" elapsed=1.015s
INFO [07-04|18:50:48.976] 🔨 mined potential block                  number=1 hash="58834d…7773c7"
INFO [07-04|18:50:48.986] Commit new mining work                   number=2 sealhash="86e39d…f5bf0d" uncles=0 txs=0   gas=0       fees=0         elapsed=2.710ms
INFO [07-04|18:50:49.012] Commit new mining work                   number=2 sealhash="0af968…748969" uncles=0 txs=10  gas=210000  fees=4.2e-12   elapsed=28.673ms
INFO [07-04|18:50:55.036] Commit new mining work                   number=2 sealhash="22a84e…2b3629" uncles=0 txs=19  gas=399000  fees=7.98e-12  elapsed=38.564ms
INFO [07-04|18:50:58.012] Commit new mining work                   number=2 sealhash="ba6ebc…207b52" uncles=0 txs=20  gas=420000  fees=8.4e-12   elapsed=1.067ms
INFO [07-04|18:51:04.087] Commit new mining work                   number=2 sealhash="8fe53f…d5ff40" uncles=0 txs=30  gas=630000  fees=1.26e-11  elapsed=41.842ms
INFO [07-04|18:51:07.124] Commit new mining work                   number=2 sealhash="b037d9…129e5d" uncles=0 txs=31  gas=651000  fees=1.302e-11 elapsed=71.238ms
INFO [07-04|18:51:07.162] Generating DAG in progress               epoch=1 percentage=1  elapsed=1m6.186s
INFO [07-04|18:51:10.151] Commit new mining work                   number=2 sealhash="15935e…f1c6e7" uncles=0 txs=40  gas=840000  fees=1.68e-11  elapsed=83.092ms
INFO [07-04|18:51:16.156] Commit new mining work                   number=2 sealhash="aba156…2294f4" uncles=0 txs=50  gas=1050000 fees=2.1e-11   elapsed=57.457ms
INFO [07-04|18:51:22.430] Commit new mining work                   number=2 sealhash="7d69e5…4dd5d5" uncles=0 txs=59  gas=1239000 fees=2.478e-11 elapsed=118.306ms
INFO [07-04|18:51:25.494] Commit new mining work                   number=2 sealhash="15534c…ca94e5" uncles=0 txs=61  gas=1281000 fees=2.562e-11 elapsed=103.008ms
INFO [07-04|18:51:28.398] Commit new mining work                   number=2 sealhash="3a5044…3da18f" uncles=0 txs=70  gas=1470000 fees=2.94e-11  elapsed=3.502ms
INFO [07-04|18:51:31.473] Commit new mining work                   number=2 sealhash="d7baee…1fb8bf" uncles=0 txs=72  gas=1512000 fees=3.024e-11 elapsed=9.658ms
INFO [07-04|18:51:34.536] Commit new mining work                   number=2 sealhash="887036…f9a0e8" uncles=0 txs=80  gas=1680000 fees=3.36e-11  elapsed=66.781ms
INFO [07-04|18:51:40.655] Commit new mining work                   number=2 sealhash="efb639…c4676f" uncles=0 txs=90  gas=1890000 fees=3.78e-11  elapsed=169.655ms
INFO [07-04|18:51:43.684] Commit new mining work                   number=2 sealhash="f0046e…d158b8" uncles=0 txs=100 gas=2100000 fees=4.2e-11   elapsed=141.485ms
INFO [07-04|18:51:46.248] Generating DAG in progress               epoch=1 percentage=2  elapsed=1m45.272s
INFO [07-04|18:51:49.768] Commit new mining work                   number=2 sealhash="abced9…0c3c49" uncles=0 txs=102 gas=2142000 fees=4.284e-11 elapsed=219.290ms
INFO [07-04|18:51:52.661] Commit new mining work                   number=2 sealhash="1de2b5…aa2f12" uncles=0 txs=110 gas=2310000 fees=4.62e-11  elapsed=44.924ms
INFO [07-04|18:51:58.669] Commit new mining work                   number=2 sealhash="45854c…3ea5d3" uncles=0 txs=120 gas=2520000 fees=5.04e-11  elapsed=35.248ms
INFO [07-04|18:52:01.815] Commit new mining work                   number=2 sealhash="1d996d…1d55c7" uncles=0 txs=130 gas=2730000 fees=5.46e-11  elapsed=147.371ms
INFO [07-04|18:52:07.892] Commit new mining work                   number=2 sealhash="c66934…275844" uncles=0 txs=136 gas=2856000 fees=5.712e-11 elapsed=190.733ms
INFO [07-04|18:52:10.779] Commit new mining work                   number=2 sealhash="7d198a…63c155" uncles=0 txs=140 gas=2940000 fees=5.88e-11  elapsed=56.345ms
INFO [07-04|18:52:17.042] Commit new mining work                   number=2 sealhash="7b328a…c67997" uncles=0 txs=150 gas=3150000 fees=6.3e-11   elapsed=271.041ms
INFO [07-04|18:52:17.199] Generating DAG in progress               epoch=1 percentage=3  elapsed=2m16.224s
INFO [07-04|18:52:20.281] Commit new mining work                   number=2 sealhash="f4911c…3d393e" uncles=0 txs=159 gas=3339000 fees=6.678e-11 elapsed=510.175ms
INFO [07-04|18:52:22.817] Commit new mining work                   number=2 sealhash="c99135…3a0b37" uncles=0 txs=160 gas=3360000 fees=6.72e-11  elapsed=43.828ms
INFO [07-04|18:52:26.063] Commit new mining work                   number=2 sealhash="b2e3c7…91a276" uncles=0 txs=161 gas=3381000 fees=6.762e-11 elapsed=266.455ms
INFO [07-04|18:52:28.877] Commit new mining work                   number=2 sealhash="5ccb89…91d890" uncles=0 txs=170 gas=3570000 fees=7.14e-11  elapsed=68.981ms
INFO [07-04|18:52:34.943] Commit new mining work                   number=2 sealhash="688271…99d033" uncles=0 txs=180 gas=3780000 fees=7.56e-11  elapsed=99.918ms
INFO [07-04|18:52:38.131] Commit new mining work                   number=2 sealhash="dad983…a78793" uncles=0 txs=190 gas=3990000 fees=7.98e-11  elapsed=281.531ms
INFO [07-04|18:52:46.097] Generating DAG in progress               epoch=1 percentage=4  elapsed=2m45.122s
INFO [07-04|18:52:47.070] Commit new mining work                   number=2 sealhash="1b043d…b500fc" uncles=0 txs=200 gas=4200000 fees=8.4e-11   elapsed=156.653ms
INFO [07-04|18:52:53.160] Commit new mining work                   number=2 sealhash="adf5db…62123f" uncles=0 txs=210 gas=4410000 fees=8.82e-11  elapsed=229.272ms
INFO [07-04|18:52:56.244] Commit new mining work                   number=2 sealhash="bd13f2…a8a0fa" uncles=0 txs=220 gas=4620000 fees=9.24e-11  elapsed=312.777ms
INFO [07-04|18:53:02.253] Commit new mining work                   number=2 sealhash="f3c78a…696eaa" uncles=0 txs=226 gas=4746000 fees=9.492e-11 elapsed=272.294ms
INFO [07-04|18:53:05.168] Commit new mining work                   number=2 sealhash="c6f4a1…fa33a7" uncles=0 txs=230 gas=4830000 fees=9.66e-11  elapsed=163.106ms
INFO [07-04|18:53:08.499] Commit new mining work                   number=2 sealhash="10a8f2…e68457" uncles=0 txs=233 gas=4893000 fees=9.786e-11 elapsed=486.650ms
INFO [07-04|18:53:11.191] Commit new mining work                   number=2 sealhash="64f42e…63aee0" uncles=0 txs=240 gas=5040000 fees=1.008e-10 elapsed=160.122ms
INFO [07-04|18:53:16.410] Generating DAG in progress               epoch=1 percentage=5  elapsed=3m15.434s
INFO [07-04|18:53:17.322] Commit new mining work                   number=2 sealhash="2667c1…200778" uncles=0 txs=250 gas=5250000 fees=1.05e-10  elapsed=236.300ms
INFO [07-04|18:53:23.460] Commit new mining work                   number=2 sealhash="1d4325…75a14c" uncles=0 txs=257 gas=5397000 fees=1.0794e-10 elapsed=261.705ms
INFO [07-04|18:53:26.372] Commit new mining work                   number=2 sealhash="fe4505…25e036" uncles=0 txs=260 gas=5460000 fees=1.092e-10  elapsed=162.223ms
INFO [07-04|18:53:29.851] Commit new mining work                   number=2 sealhash="5f91ae…06e76e" uncles=0 txs=262 gas=5502000 fees=1.1004e-10 elapsed=631.197ms
INFO [07-04|18:53:32.377] Commit new mining work                   number=2 sealhash="5b183d…77fc3e" uncles=0 txs=270 gas=5670000 fees=1.134e-10  elapsed=127.300ms
INFO [07-04|18:53:35.794] Commit new mining work                   number=2 sealhash="63de2e…11ce46" uncles=0 txs=278 gas=5838000 fees=1.1676e-10 elapsed=426.431ms
INFO [07-04|18:53:38.647] Commit new mining work                   number=2 sealhash="b64af6…717331" uncles=0 txs=280 gas=5880000 fees=1.176e-10  elapsed=250.837ms
INFO [07-04|18:53:41.727] Commit new mining work                   number=2 sealhash="0a9f08…2c4e85" uncles=0 txs=281 gas=5901000 fees=1.1802e-10 elapsed=297.327ms
INFO [07-04|18:53:44.614] Commit new mining work                   number=2 sealhash="96b41f…de1933" uncles=0 txs=290 gas=6090000 fees=1.218e-10  elapsed=179.864ms
INFO [07-04|18:53:47.445] Generating DAG in progress               epoch=1 percentage=6  elapsed=3m46.470s
INFO [07-04|18:53:50.742] Commit new mining work                   number=2 sealhash="3d1d9c…bb66b6" uncles=0 txs=300 gas=6300000 fees=1.26e-10   elapsed=270.396ms
INFO [07-04|18:53:53.628] Commit new mining work                   number=2 sealhash="ac6d71…fb85c3" uncles=0 txs=310 gas=6510000 fees=1.302e-10  elapsed=147.201ms
INFO [07-04|18:53:59.856] Commit new mining work                   number=2 sealhash="aa8fd4…5f1519" uncles=0 txs=320 gas=6720000 fees=1.344e-10  elapsed=301.360ms
INFO [07-04|18:54:06.292] Commit new mining work                   number=2 sealhash="a24805…753610" uncles=0 txs=326 gas=6846000 fees=1.3692e-10 elapsed=734.332ms
INFO [07-04|18:54:08.901] Commit new mining work                   number=2 sealhash="12b3ec…c03a67" uncles=0 txs=330 gas=6930000 fees=1.386e-10  elapsed=296.348ms
INFO [07-04|18:54:11.922] Commit new mining work                   number=2 sealhash="bdec98…190550" uncles=0 txs=340 gas=7140000 fees=1.428e-10  elapsed=308.636ms
INFO [07-04|18:54:17.801] Generating DAG in progress               epoch=1 percentage=7  elapsed=4m16.826s
INFO [07-04|18:54:18.008] Commit new mining work                   number=2 sealhash="9ed12f…bdc563" uncles=0 txs=349 gas=7329000 fees=1.4658e-10 elapsed=334.414ms
INFO [07-04|18:54:20.946] Commit new mining work                   number=2 sealhash="bd8d62…f75149" uncles=0 txs=350 gas=7350000 fees=1.47e-10   elapsed=240.334ms
INFO [07-04|18:54:24.239] Commit new mining work                   number=2 sealhash="1e3632…2044f6" uncles=0 txs=359 gas=7539000 fees=1.5078e-10 elapsed=423.820ms
INFO [07-04|18:54:27.708] Commit new mining work                   number=2 sealhash="cb2d21…c60d85" uncles=0 txs=360 gas=7560000 fees=1.512e-10  elapsed=855.324ms
INFO [07-04|18:54:30.126] Commit new mining work                   number=2 sealhash="8365d9…1541ec" uncles=0 txs=370 gas=7770000 fees=1.554e-10  elapsed=247.212ms
INFO [07-04|18:54:33.463] Commit new mining work                   number=2 sealhash="5bdcd5…f95e79" uncles=0 txs=377 gas=7917000 fees=1.5834e-10 elapsed=573.817ms
INFO [07-04|18:54:36.154] Commit new mining work                   number=2 sealhash="b6b36a…bc2d25" uncles=0 txs=380 gas=7980000 fees=1.596e-10  elapsed=231.689ms
INFO [07-04|18:54:39.405] Commit new mining work                   number=2 sealhash="cf318b…f6b1db" uncles=0 txs=386 gas=8106000 fees=1.6212e-10 elapsed=430.080ms
INFO [07-04|18:54:42.392] Commit new mining work                   number=2 sealhash="56d12a…4dd0d0" uncles=0 txs=390 gas=8190000 fees=1.638e-10  elapsed=383.551ms
INFO [07-04|18:54:45.257] Commit new mining work                   number=2 sealhash="753129…1a0c6b" uncles=0 txs=400 gas=8400000 fees=1.68e-10   elapsed=220.281ms
INFO [07-04|18:54:49.518] Generating DAG in progress               epoch=1 percentage=8  elapsed=4m48.542s
INFO [07-04|18:54:51.377] Commit new mining work                   number=2 sealhash="d6c49b…67c2e7" uncles=0 txs=410 gas=8610000 fees=1.722e-10  elapsed=308.725ms
INFO [07-04|18:54:57.410] Commit new mining work                   number=2 sealhash="b51e81…90d203" uncles=0 txs=420 gas=8820000 fees=1.764e-10  elapsed=314.023ms
INFO [07-04|18:55:00.678] Commit new mining work                   number=2 sealhash="4af2a4…aaf934" uncles=0 txs=427 gas=8967000 fees=1.7934e-10 elapsed=566.694ms
INFO [07-04|18:55:03.357] Commit new mining work                   number=2 sealhash="0e29ff…8ad755" uncles=0 txs=430 gas=9030000 fees=1.806e-10  elapsed=209.321ms
INFO [07-04|18:55:06.494] Commit new mining work                   number=2 sealhash="a316a2…c386cf" uncles=0 txs=431 gas=9051000 fees=1.8102e-10 elapsed=330.995ms
INFO [07-04|18:55:09.906] Commit new mining work                   number=2 sealhash="e2bb1b…4f9108" uncles=0 txs=439 gas=9219000 fees=1.8438e-10 elapsed=710.330ms
INFO [07-04|18:55:12.641] Commit new mining work                   number=2 sealhash="4ecaae…b23a28" uncles=0 txs=440 gas=9240000 fees=1.848e-10  elapsed=436.461ms
INFO [07-04|18:55:18.530] Commit new mining work                   number=2 sealhash="6a11ca…ac58a4" uncles=0 txs=450 gas=9450000 fees=1.89e-10   elapsed=256.223ms
INFO [07-04|18:55:21.926] Commit new mining work                   number=2 sealhash="2dba5c…f8f5f3" uncles=0 txs=460 gas=9660000 fees=1.932e-10  elapsed=570.804ms
INFO [07-04|18:55:22.117] Generating DAG in progress               epoch=1 percentage=9  elapsed=5m21.142s
INFO [07-04|18:55:27.766] Commit new mining work                   number=2 sealhash="a06aaa…254544" uncles=0 txs=468 gas=9828000 fees=1.9656e-10 elapsed=366.614ms
INFO [07-04|18:55:30.824] Commit new mining work                   number=2 sealhash="7967da…41b1f3" uncles=0 txs=470 gas=9870000 fees=1.974e-10  elapsed=414.115ms
INFO [07-04|18:55:33.828] Commit new mining work                   number=2 sealhash="79c32f…d40421" uncles=0 txs=480 gas=10080000 fees=2.016e-10  elapsed=412.606ms
INFO [07-04|18:55:36.929] Commit new mining work                   number=2 sealhash="9c0369…cc1986" uncles=0 txs=487 gas=10227000 fees=2.0454e-10 elapsed=477.996ms
INFO [07-04|18:55:40.013] Commit new mining work                   number=2 sealhash="63d33c…ce0575" uncles=0 txs=490 gas=10290000 fees=2.058e-10  elapsed=543.638ms
INFO [07-04|18:55:42.780] Commit new mining work                   number=2 sealhash="372d7e…00f329" uncles=0 txs=500 gas=10500000 fees=2.1e-10    elapsed=222.114ms
INFO [07-04|18:55:49.081] Commit new mining work                   number=2 sealhash="49f31a…7b8517" uncles=0 txs=510 gas=10710000 fees=2.142e-10  elapsed=450.436ms
INFO [07-04|18:55:52.223] Commit new mining work                   number=2 sealhash="8d4ac3…9a57a9" uncles=0 txs=519 gas=10899000 fees=2.1798e-10 elapsed=505.514ms
INFO [07-04|18:55:54.449] Generating DAG in progress               epoch=1 percentage=10 elapsed=5m53.474s
INFO [07-04|18:55:55.687] Commit new mining work                   number=2 sealhash="fdb6bf…56f6a0" uncles=0 txs=521 gas=10941000 fees=2.1882e-10 elapsed=963.237ms
INFO [07-04|18:55:58.118] Commit new mining work                   number=2 sealhash="dc278f…9db757" uncles=0 txs=530 gas=11130000 fees=2.226e-10  elapsed=312.032ms
INFO [07-04|18:56:01.372] Commit new mining work                   number=2 sealhash="e36ab8…19a584" uncles=0 txs=531 gas=11151000 fees=2.2302e-10 elapsed=550.578ms
INFO [07-04|18:56:04.048] Commit new mining work                   number=2 sealhash="1be250…2eca7f" uncles=0 txs=540 gas=11340000 fees=2.268e-10  elapsed=112.419ms
INFO [07-04|18:56:07.303] Commit new mining work                   number=2 sealhash="f4b311…040bef" uncles=0 txs=550 gas=11550000 fees=2.31e-10   elapsed=331.925ms
INFO [07-04|18:56:10.573] Commit new mining work                   number=2 sealhash="1f10dd…d65ec1" uncles=0 txs=551 gas=11571000 fees=2.3142e-10 elapsed=598.151ms
INFO [07-04|18:56:13.384] Commit new mining work                   number=2 sealhash="629974…db2fb5" uncles=0 txs=560 gas=11760000 fees=2.352e-10  elapsed=369.239ms
INFO [07-04|18:56:16.751] Commit new mining work                   number=2 sealhash="3c8259…7ea68c" uncles=0 txs=562 gas=11802000 fees=2.3604e-10 elapsed=608.290ms
INFO [07-04|18:56:20.092] Commit new mining work                   number=2 sealhash="1975c1…c0c0ee" uncles=0 txs=570 gas=11970000 fees=2.394e-10  elapsed=938.114ms
INFO [07-04|18:56:22.924] Commit new mining work                   number=2 sealhash="60ce10…57fed3" uncles=0 txs=577 gas=12117000 fees=2.4234e-10 elapsed=765.842ms
INFO [07-04|18:56:25.655] Commit new mining work                   number=2 sealhash="f17d7f…1077dd" uncles=0 txs=580 gas=12180000 fees=2.436e-10  elapsed=489.375ms
INFO [07-04|18:56:28.934] Commit new mining work                   number=2 sealhash="d555ca…3607fc" uncles=0 txs=585 gas=12285000 fees=2.457e-10  elapsed=762.843ms
INFO [07-04|18:56:31.582] Commit new mining work                   number=2 sealhash="443b4e…7b6ee0" uncles=0 txs=590 gas=12390000 fees=2.478e-10  elapsed=347.432ms
INFO [07-04|18:56:34.850] Commit new mining work                   number=2 sealhash="436b26…8185f8" uncles=0 txs=593 gas=12453000 fees=2.4906e-10 elapsed=555.282ms
INFO [07-04|18:56:35.414] Generating DAG in progress               epoch=1 percentage=11 elapsed=6m34.439s
INFO [07-04|18:56:37.571] Commit new mining work                   number=2 sealhash="7b334d…9d6b03" uncles=0 txs=600 gas=12600000 fees=2.52e-10   elapsed=234.833ms
INFO [07-04|18:56:41.030] Commit new mining work                   number=2 sealhash="4b7aee…523e10" uncles=0 txs=610 gas=12810000 fees=2.562e-10  elapsed=554.791ms
INFO [07-04|18:56:47.616] Commit new mining work                   number=2 sealhash="019f88…4b3d57" uncles=0 txs=617 gas=12957000 fees=2.5914e-10 elapsed=1.094s
INFO [07-04|18:56:49.959] Commit new mining work                   number=2 sealhash="6a78ac…38f7c7" uncles=0 txs=620 gas=13020000 fees=2.604e-10  elapsed=421.189ms
INFO [07-04|18:56:53.998] Commit new mining work                   number=2 sealhash="853587…193f17" uncles=0 txs=625 gas=13125000 fees=2.625e-10  elapsed=1.342s
INFO [07-04|18:56:56.097] Commit new mining work                   number=2 sealhash="96ed52…31b978" uncles=0 txs=630 gas=13230000 fees=2.646e-10  elapsed=376.036ms
INFO [07-04|18:56:59.370] Commit new mining work                   number=2 sealhash="31f036…413020" uncles=0 txs=640 gas=13440000 fees=2.688e-10  elapsed=608.023ms
INFO [07-04|18:57:02.595] Commit new mining work                   number=2 sealhash="77ba43…70b500" uncles=0 txs=641 gas=13461000 fees=2.6922e-10 elapsed=800.797ms
INFO [07-04|18:57:05.200] Commit new mining work                   number=2 sealhash="848a74…fa9b20" uncles=0 txs=650 gas=13650000 fees=2.73e-10   elapsed=397.035ms
INFO [07-04|18:57:08.929] Commit new mining work                   number=2 sealhash="a2255c…f0c11c" uncles=0 txs=651 gas=13671000 fees=2.7342e-10 elapsed=894.343ms
INFO [07-04|18:57:11.862] Commit new mining work                   number=2 sealhash="5972a4…159faf" uncles=0 txs=660 gas=13860000 fees=2.772e-10  elapsed=814.714ms
INFO [07-04|18:57:12.045] Generating DAG in progress               epoch=1 percentage=12 elapsed=7m11.070s
INFO [07-04|18:57:14.662] Commit new mining work                   number=2 sealhash="a318f9…9fcfa7" uncles=0 txs=670 gas=14070000 fees=2.814e-10  elapsed=566.625ms
INFO [07-04|18:57:17.915] Commit new mining work                   number=2 sealhash="69198c…4e2504" uncles=0 txs=677 gas=14217000 fees=2.8434e-10 elapsed=816.897ms
INFO [07-04|18:57:20.916] Commit new mining work                   number=2 sealhash="6c3c66…468d50" uncles=0 txs=680 gas=14280000 fees=2.856e-10  elapsed=800.810ms
INFO [07-04|18:57:25.265] Commit new mining work                   number=2 sealhash="d2a692…4522aa" uncles=0 txs=685 gas=14385000 fees=2.877e-10  elapsed=2.062s
INFO [07-04|18:57:26.716] Commit new mining work                   number=2 sealhash="9d23d7…1a98d6" uncles=0 txs=690 gas=14490000 fees=2.898e-10  elapsed=399.099ms
INFO [07-04|18:57:29.956] Commit new mining work                   number=2 sealhash="89cf2e…f5e49a" uncles=0 txs=700 gas=14700000 fees=2.94e-10   elapsed=580.322ms
INFO [07-04|18:57:36.129] Commit new mining work                   number=2 sealhash="720620…97b912" uncles=0 txs=709 gas=14889000 fees=2.9778e-10 elapsed=589.161ms
INFO [07-04|18:57:39.603] Commit new mining work                   number=2 sealhash="e7ec35…5f9da2" uncles=0 txs=712 gas=14952000 fees=2.9904e-10 elapsed=934.762ms
INFO [07-04|18:57:43.205] Commit new mining work                   number=2 sealhash="581ea1…28675d" uncles=0 txs=717 gas=15057000 fees=3.0114e-10 elapsed=1.428s
INFO [07-04|18:57:45.935] Commit new mining work                   number=2 sealhash="1c8278…b13a91" uncles=0 txs=720 gas=15120000 fees=3.024e-10  elapsed=1.114s
INFO [07-04|18:57:48.100] Commit new mining work                   number=2 sealhash="6cba6a…5f3655" uncles=0 txs=730 gas=15330000 fees=3.066e-10  elapsed=199.081ms
INFO [07-04|18:57:52.193] Commit new mining work                   number=2 sealhash="b5d7fe…fbc404" uncles=0 txs=734 gas=15414000 fees=3.0828e-10 elapsed=1.230s
INFO [07-04|18:57:52.344] Generating DAG in progress               epoch=1 percentage=13 elapsed=7m51.369s
INFO [07-04|18:57:54.567] Commit new mining work                   number=2 sealhash="f0a5a7…de6319" uncles=0 txs=740 gas=15540000 fees=3.108e-10  elapsed=515.683ms
INFO [07-04|18:57:57.696] Commit new mining work                   number=2 sealhash="82e452…c8e1f5" uncles=0 txs=744 gas=15624000 fees=3.1248e-10 elapsed=578.147ms
INFO [07-04|18:58:00.931] Commit new mining work                   number=2 sealhash="161494…5ebfd0" uncles=0 txs=750 gas=15750000 fees=3.15e-10   elapsed=799.775ms
INFO [07-04|18:58:03.786] Commit new mining work                   number=2 sealhash="0c5a16…6604a4" uncles=0 txs=754 gas=15834000 fees=3.1668e-10 elapsed=536.960ms
INFO [07-04|18:58:06.547] Looking for peers                        peercount=1 tried=0 static=0
INFO [07-04|18:58:06.746] Commit new mining work                   number=2 sealhash="030fb3…0c8be4" uncles=0 txs=760 gas=15960000 fees=3.192e-10  elapsed=487.056ms
INFO [07-04|18:58:09.864] Commit new mining work                   number=2 sealhash="a4c6b3…d8aa5a" uncles=0 txs=765 gas=16065000 fees=3.213e-10  elapsed=522.032ms
INFO [07-04|18:58:13.166] Commit new mining work                   number=2 sealhash="6e54e5…d4d325" uncles=0 txs=770 gas=16170000 fees=3.234e-10  elapsed=651.637ms
INFO [07-04|18:58:16.391] Commit new mining work                   number=2 sealhash="211045…b309d8" uncles=0 txs=771 gas=16191000 fees=3.2382e-10 elapsed=876.163ms
INFO [07-04|18:58:20.155] Commit new mining work                   number=2 sealhash="9937ba…5953bc" uncles=0 txs=776 gas=16296000 fees=3.2592e-10 elapsed=1.360s
INFO [07-04|18:58:24.318] Commit new mining work                   number=2 sealhash="fe405d…a737f9" uncles=0 txs=780 gas=16380000 fees=3.276e-10  elapsed=2.312s
INFO [07-04|18:58:26.020] Commit new mining work                   number=2 sealhash="4df345…df6b6a" uncles=0 txs=790 gas=16590000 fees=3.318e-10  elapsed=787.456ms
INFO [07-04|18:58:28.360] Commit new mining work                   number=2 sealhash="1938f6…19b2fd" uncles=0 txs=794 gas=16674000 fees=3.3348e-10 elapsed=122.526ms
INFO [07-04|18:58:32.024] Commit new mining work                   number=2 sealhash="215141…17102e" uncles=0 txs=800 gas=16800000 fees=3.36e-10   elapsed=715.041ms
INFO [07-04|18:58:35.308] Commit new mining work                   number=2 sealhash="d5760b…044c20" uncles=0 txs=802 gas=16842000 fees=3.3684e-10 elapsed=861.034ms
INFO [07-04|18:58:38.408] Commit new mining work                   number=2 sealhash="f33bf1…0b23be" uncles=0 txs=807 gas=16947000 fees=3.3894e-10 elapsed=796.607ms
INFO [07-04|18:58:41.426] Commit new mining work                   number=2 sealhash="575584…1f8962" uncles=0 txs=811 gas=17031000 fees=3.4062e-10 elapsed=637.700ms
INFO [07-04|18:58:42.281] Generating DAG in progress               epoch=1 percentage=14 elapsed=8m41.306s
INFO [07-04|18:58:44.451] Commit new mining work                   number=2 sealhash="f95d3b…4cec7e" uncles=0 txs=820 gas=17220000 fees=3.444e-10  elapsed=557.919ms
INFO [07-04|18:58:47.895] Commit new mining work                   number=2 sealhash="c77585…e3f138" uncles=0 txs=826 gas=17346000 fees=3.4692e-10 elapsed=921.134ms
INFO [07-04|18:58:50.521] Commit new mining work                   number=2 sealhash="e5c15d…44155f" uncles=0 txs=830 gas=17430000 fees=3.486e-10  elapsed=470.987ms
INFO [07-04|18:58:54.972] Commit new mining work                   number=2 sealhash="58904c…5c8255" uncles=0 txs=832 gas=17472000 fees=3.4944e-10 elapsed=1.920s
INFO [07-04|18:58:56.698] Commit new mining work                   number=2 sealhash="de6e0d…2ce066" uncles=0 txs=840 gas=17640000 fees=3.528e-10  elapsed=644.643ms
INFO [07-04|18:59:03.193] Commit new mining work                   number=2 sealhash="26b0ae…a89777" uncles=0 txs=850 gas=17850000 fees=3.57e-10   elapsed=789.288ms
INFO [07-04|18:59:06.282] Commit new mining work                   number=2 sealhash="bd2ac6…278e89" uncles=0 txs=854 gas=17934000 fees=3.5868e-10 elapsed=877.516ms
INFO [07-04|18:59:09.450] Commit new mining work                   number=2 sealhash="44d221…ff7dfd" uncles=0 txs=860 gas=18060000 fees=3.612e-10  elapsed=933.456ms
INFO [07-04|18:59:12.775] Commit new mining work                   number=2 sealhash="3cc9cb…a9ffc7" uncles=0 txs=861 gas=18081000 fees=3.6162e-10 elapsed=1.128s
INFO [07-04|18:59:16.650] Commit new mining work                   number=2 sealhash="c5a0ba…d1c5be" uncles=0 txs=870 gas=18270000 fees=3.654e-10  elapsed=1.998s
INFO [07-04|18:59:19.158] Commit new mining work                   number=2 sealhash="963699…49be3f" uncles=0 txs=874 gas=18354000 fees=3.6708e-10 elapsed=1.357s
INFO [07-04|18:59:22.240] Commit new mining work                   number=2 sealhash="8cb3fd…b48590" uncles=0 txs=880 gas=18480000 fees=3.696e-10  elapsed=1.407s
INFO [07-04|18:59:22.881] Generating DAG in progress               epoch=1 percentage=15 elapsed=9m21.905s
INFO [07-04|18:59:24.768] Commit new mining work                   number=2 sealhash="874553…bfa1fb" uncles=0 txs=886 gas=18606000 fees=3.7212e-10 elapsed=895.293ms
INFO [07-04|18:59:27.707] Commit new mining work                   number=2 sealhash="6ea9cf…22383b" uncles=0 txs=890 gas=18690000 fees=3.738e-10  elapsed=687.662ms
INFO [07-04|18:59:30.548] Commit new mining work                   number=2 sealhash="08a2cc…bb567a" uncles=0 txs=892 gas=18732000 fees=3.7464e-10 elapsed=507.573ms
INFO [07-04|18:59:33.783] Commit new mining work                   number=2 sealhash="c41a39…49d8b2" uncles=0 txs=899 gas=18879000 fees=3.7758e-10 elapsed=716.585ms
INFO [07-04|18:59:37.082] Commit new mining work                   number=2 sealhash="0476ff…2aed3c" uncles=0 txs=900 gas=18900000 fees=3.78e-10   elapsed=593.996ms
INFO [07-04|18:59:40.451] Commit new mining work                   number=2 sealhash="0776bc…2d2b46" uncles=0 txs=910 gas=19110000 fees=3.822e-10  elapsed=870.920ms
INFO [07-04|18:59:43.711] Commit new mining work                   number=2 sealhash="004fd2…efff78" uncles=0 txs=917 gas=19257000 fees=3.8514e-10 elapsed=992.313ms
INFO [07-04|18:59:46.324] Commit new mining work                   number=2 sealhash="6fe021…437b5a" uncles=0 txs=920 gas=19320000 fees=3.864e-10  elapsed=602.988ms
INFO [07-04|18:59:50.563] Commit new mining work                   number=2 sealhash="43fb6e…2da3f4" uncles=0 txs=923 gas=19383000 fees=3.8766e-10 elapsed=1.662s
INFO [07-04|18:59:52.652] Commit new mining work                   number=2 sealhash="2bd2f9…b19e51" uncles=0 txs=930 gas=19530000 fees=3.906e-10  elapsed=709.341ms
INFO [07-04|18:59:57.538] Commit new mining work                   number=2 sealhash="513443…6aec70" uncles=0 txs=937 gas=19677000 fees=3.9354e-10 elapsed=2.577s
INFO [07-04|19:00:02.202] Commit new mining work                   number=2 sealhash="d95db8…785ed0" uncles=0 txs=940 gas=19740000 fees=3.948e-10  elapsed=1.180s
INFO [07-04|19:00:04.596] Commit new mining work                   number=2 sealhash="b625e2…dcebcb" uncles=0 txs=941 gas=19761000 fees=3.9522e-10 elapsed=534.386ms
INFO [07-04|19:00:08.838] Generating DAG in progress               epoch=1 percentage=16 elapsed=10m7.863s
INFO [07-04|19:00:08.960] Commit new mining work                   number=2 sealhash="479467…39e0fe" uncles=0 txs=944 gas=19824000 fees=3.9648e-10 elapsed=1.313s
INFO [07-04|19:00:16.850] Commit new mining work                   number=2 sealhash="71c02d…dd623d" uncles=0 txs=945 gas=19845000 fees=3.969e-10  elapsed=6.030s
INFO [07-04|19:00:19.898] Commit new mining work                   number=2 sealhash="be2811…3cc379" uncles=0 txs=947 gas=19887000 fees=3.9774e-10 elapsed=2.467s
INFO [07-04|19:00:27.283] Commit new mining work                   number=2 sealhash="e347c9…05bb6f" uncles=0 txs=950 gas=19950000 fees=3.99e-10   elapsed=3.804s
INFO [07-04|19:00:39.435] Commit new mining work                   number=2 sealhash="78952c…07f090" uncles=0 txs=953 gas=20013000 fees=4.0026e-10 elapsed=3.072s
INFO [07-04|19:00:48.174] Commit new mining work                   number=2 sealhash="319d82…a11237" uncles=0 txs=956 gas=20076000 fees=4.0152e-10 elapsed=5.089s
INFO [07-04|19:00:55.996] Commit new mining work                   number=2 sealhash="7d18fb…852c0a" uncles=0 txs=958 gas=20118000 fees=4.0236e-10 elapsed=3.368s
INFO [07-04|19:01:07.390] Commit new mining work                   number=2 sealhash="bae324…7576e7" uncles=0 txs=960 gas=20160000 fees=4.032e-10  elapsed=8.489s
INFO [07-04|19:01:14.114] Commit new mining work                   number=2 sealhash="bae324…7576e7" uncles=0 txs=960 gas=20160000 fees=4.032e-10  elapsed=5.530s
INFO [07-04|19:01:17.440] Commit new mining work                   number=2 sealhash="c4ee01…481a7c" uncles=0 txs=970 gas=20370000 fees=4.074e-10  elapsed=2.569s
INFO [07-04|19:01:25.292] Generating DAG in progress               epoch=1 percentage=17 elapsed=11m24.314s
INFO [07-04|19:01:44.796] Commit new mining work                   number=2 sealhash="858594…91fcdc" uncles=0 txs=972 gas=20412000 fees=4.0824e-10 elapsed=1.621s
INFO [07-04|19:01:48.889] Commit new mining work                   number=2 sealhash="bf684b…45b264" uncles=0 txs=974 gas=20454000 fees=4.0908e-10 elapsed=2.627s
INFO [07-04|19:01:55.147] Commit new mining work                   number=2 sealhash="c0edbb…f796c0" uncles=0 txs=979 gas=20559000 fees=4.1118e-10 elapsed=2.852s
INFO [07-04|19:01:59.756] Commit new mining work                   number=2 sealhash="faf7e2…1cdfe2" uncles=0 txs=980 gas=20580000 fees=4.116e-10  elapsed=1.304s
INFO [07-04|19:02:03.406] Commit new mining work                   number=2 sealhash="1635d4…2e2d9a" uncles=0 txs=982 gas=20622000 fees=4.1244e-10 elapsed=1.865s
INFO [07-04|19:02:06.218] Commit new mining work                   number=2 sealhash="7f929f…48389f" uncles=0 txs=987 gas=20727000 fees=4.1454e-10 elapsed=1.600s
INFO [07-04|19:02:08.945] Commit new mining work                   number=2 sealhash="8512a6…ccde2a" uncles=0 txs=990 gas=20790000 fees=4.158e-10  elapsed=1.286s
INFO [07-04|19:02:13.191] Commit new mining work                   number=2 sealhash="ca71b4…096b0d" uncles=0 txs=997 gas=20937000 fees=4.1874e-10 elapsed=2.302s
INFO [07-04|19:02:14.531] Commit new mining work                   number=2 sealhash="d974ad…d07737" uncles=0 txs=1000 gas=21000000 fees=4.2e-10    elapsed=602.021ms
INFO [07-04|19:02:18.521] Commit new mining work                   number=2 sealhash="60bea7…43db5e" uncles=0 txs=1004 gas=21084000 fees=4.2168e-10 elapsed=1.519s
INFO [07-04|19:02:21.171] Commit new mining work                   number=2 sealhash="2eec70…bbedb4" uncles=0 txs=1009 gas=21189000 fees=4.2378e-10 elapsed=1.164s
INFO [07-04|19:02:24.340] Commit new mining work                   number=2 sealhash="ae4b2c…b0a2d0" uncles=0 txs=1010 gas=21210000 fees=4.242e-10  elapsed=1.268s
INFO [07-04|19:02:27.994] Commit new mining work                   number=2 sealhash="86af5a…c6d322" uncles=0 txs=1014 gas=21294000 fees=4.2588e-10 elapsed=1.854s
INFO [07-04|19:02:30.755] Commit new mining work                   number=2 sealhash="e372f2…abaac6" uncles=0 txs=1020 gas=21420000 fees=4.284e-10  elapsed=1.554s
INFO [07-04|19:02:34.155] Commit new mining work                   number=2 sealhash="10b432…090c00" uncles=0 txs=1023 gas=21483000 fees=4.2966e-10 elapsed=1.906s
INFO [07-04|19:02:34.793] Generating DAG in progress               epoch=1 percentage=18 elapsed=12m33.817s
INFO [07-04|19:02:35.918] Commit new mining work                   number=2 sealhash="052564…5cb4f6" uncles=0 txs=1030 gas=21630000 fees=4.326e-10  elapsed=589.194ms
INFO [07-04|19:02:40.396] Commit new mining work                   number=2 sealhash="7fcfae…f38c47" uncles=0 txs=1033 gas=21693000 fees=4.3386e-10 elapsed=1.908s
INFO [07-04|19:02:42.317] Commit new mining work                   number=2 sealhash="03ff0e…cfc534" uncles=0 txs=1040 gas=21840000 fees=4.368e-10  elapsed=703.641ms
INFO [07-04|19:02:49.545] Commit new mining work                   number=2 sealhash="1e018c…a5c402" uncles=0 txs=1048 gas=22008000 fees=4.4016e-10 elapsed=1.624s
INFO [07-04|19:02:52.905] Commit new mining work                   number=2 sealhash="4d6793…ca4a10" uncles=0 txs=1051 gas=22071000 fees=4.4142e-10 elapsed=1.982s
INFO [07-04|19:02:54.489] Commit new mining work                   number=2 sealhash="96e5d2…95d3a7" uncles=0 txs=1060 gas=22260000 fees=4.452e-10  elapsed=505.733ms
INFO [07-04|19:02:57.981] Commit new mining work                   number=2 sealhash="0df4d3…61b994" uncles=0 txs=1062 gas=22302000 fees=4.4604e-10 elapsed=908.953ms
INFO [07-04|19:03:01.036] Commit new mining work                   number=2 sealhash="d78bfd…d377a6" uncles=0 txs=1070 gas=22470000 fees=4.494e-10  elapsed=844.615ms
INFO [07-04|19:03:07.141] Commit new mining work                   number=2 sealhash="9a1d4e…038d44" uncles=0 txs=1079 gas=22659000 fees=4.5318e-10 elapsed=876.371ms
INFO [07-04|19:03:11.620] Commit new mining work                   number=2 sealhash="04d86e…295231" uncles=0 txs=1080 gas=22680000 fees=4.536e-10  elapsed=2.312s
INFO [07-04|19:03:12.854] Commit new mining work                   number=2 sealhash="55e978…43fcb9" uncles=0 txs=1090 gas=22890000 fees=4.578e-10  elapsed=541.240ms
INFO [07-04|19:03:20.955] Commit new mining work                   number=2 sealhash="122d37…17e07e" uncles=0 txs=1099 gas=23079000 fees=4.6158e-10 elapsed=2.359s
INFO [07-04|19:03:22.012] Generating DAG in progress               epoch=1 percentage=19 elapsed=13m21.037s
INFO [07-04|19:03:22.735] Commit new mining work                   number=2 sealhash="f0e163…ed8b63" uncles=0 txs=1100 gas=23100000 fees=4.62e-10   elapsed=1.043s
INFO [07-04|19:03:27.328] Commit new mining work                   number=2 sealhash="4ddf5f…c15cf8" uncles=0 txs=1101 gas=23121000 fees=4.6242e-10 elapsed=2.469s
INFO [07-04|19:03:31.466] Commit new mining work                   number=2 sealhash="9f03dd…539c26" uncles=0 txs=1109 gas=23289000 fees=4.6578e-10 elapsed=3.204s
INFO [07-04|19:04:52.079] Looking for peers                        peercount=0 tried=0 static=0
INFO [07-04|19:05:15.790] Commit new mining work                   number=2 sealhash="083732…d150de" uncles=0 txs=1113 gas=23373000 fees=4.6746e-10 elapsed=1m41.315s
INFO [07-04|19:06:19.177] Generating DAG in progress               epoch=1 percentage=20 elapsed=16m18.201s
INFO [07-04|19:07:11.649] Generating DAG in progress               epoch=1 percentage=21 elapsed=17m10.602s
INFO [07-04|19:07:48.318] Generating DAG in progress               epoch=1 percentage=22 elapsed=17m47.343s
INFO [07-04|19:08:19.632] Generating DAG in progress               epoch=1 percentage=23 elapsed=18m18.656s
INFO [07-04|19:08:47.757] Generating DAG in progress               epoch=1 percentage=24 elapsed=18m46.782s
INFO [07-04|19:09:11.376] Generating DAG in progress               epoch=1 percentage=25 elapsed=19m10.400s
INFO [07-04|19:09:38.638] Generating DAG in progress               epoch=1 percentage=26 elapsed=19m37.663s
INFO [07-04|19:10:04.882] Generating DAG in progress               epoch=1 percentage=27 elapsed=20m3.906s
INFO [07-04|19:10:32.126] Generating DAG in progress               epoch=1 percentage=28 elapsed=20m31.150s
INFO [07-04|19:11:06.403] Generating DAG in progress               epoch=1 percentage=29 elapsed=21m5.427s
INFO [07-04|19:11:34.034] Generating DAG in progress               epoch=1 percentage=30 elapsed=21m33.058s
INFO [07-04|19:12:03.840] Generating DAG in progress               epoch=1 percentage=31 elapsed=22m2.865s
INFO [07-04|19:12:31.783] Generating DAG in progress               epoch=1 percentage=32 elapsed=22m30.808s
INFO [07-04|19:13:02.496] Generating DAG in progress               epoch=1 percentage=33 elapsed=23m1.520s
INFO [07-04|19:13:31.195] Generating DAG in progress               epoch=1 percentage=34 elapsed=23m30.219s
INFO [07-04|19:14:02.739] Generating DAG in progress               epoch=1 percentage=35 elapsed=24m1.764s
INFO [07-04|19:14:34.965] Generating DAG in progress               epoch=1 percentage=36 elapsed=24m33.989s
INFO [07-04|19:15:10.767] Generating DAG in progress               epoch=1 percentage=37 elapsed=25m9.792s
INFO [07-04|19:15:48.861] Generating DAG in progress               epoch=1 percentage=38 elapsed=25m47.885s
INFO [07-04|19:16:12.442] Generating DAG in progress               epoch=1 percentage=39 elapsed=26m11.466s
INFO [07-04|19:16:45.414] Generating DAG in progress               epoch=1 percentage=40 elapsed=26m44.439s
INFO [07-04|19:17:17.057] Generating DAG in progress               epoch=1 percentage=41 elapsed=27m16.082s
INFO [07-04|19:17:58.383] Generating DAG in progress               epoch=1 percentage=42 elapsed=27m57.407s
INFO [07-04|19:18:27.344] Generating DAG in progress               epoch=1 percentage=43 elapsed=28m26.368s
